INFO 2020-03-04 14:59:19,760 hello 4673 139958462973696 sent hello: Mod1, transmission status is True
INFO 2020-03-04 14:59:19,761 hello 4673 139958462973696 TXN_OFF_COUNTER: 4, TXN_ON_COUNTER : 1, transmission status is True
INFO 2020-03-04 14:59:19,761 hello 4673 139958462973696 sent hello: Mod1, transmission status is True
INFO 2020-03-04 14:59:19,761 hello 4673 139958462973696 TXN_OFF_COUNTER: 4, TXN_ON_COUNTER : 2, transmission status is True
INFO 2020-03-04 14:59:19,761 hello 4673 139958462973696 sent hello: Mod1, transmission status is True
INFO 2020-03-04 14:59:19,762 hello 4673 139958462973696  SWITCHING-OFF @ TXN_OFF_COUNTER: 4, TXN_ON_COUNTER : 2, transmission status is True
INFO 2020-03-04 14:59:19,776 hello 4673 139958462973696 sent hello: Mod1, transmission status is True
INFO 2020-03-04 14:59:19,777 hello 4673 139958462973696  DO nothing no overflow @ TXN_OFF_COUNTER: 6, TXN_ON_COUNTER : 1, transmission status is True
INFO 2020-03-04 14:59:19,777 hello 4673 139958462973696 sent hello: Mod1, transmission status is True
INFO 2020-03-04 14:59:19,777 hello 4673 139958462973696  DO nothing no overflow @ TXN_OFF_COUNTER: 6, TXN_ON_COUNTER : 2, transmission status is True
INFO 2020-03-04 14:59:19,777 hello 4673 139958462973696 sent hello: Mod1, transmission status is True
INFO 2020-03-04 14:59:19,780 hello 4673 139958462973696  SWITCHING-ON @ TXN_OFF_COUNTER: 0, TXN_ON_COUNTER : 0, transmission status is True
INFO 2020-03-14 03:02:00,359 hello 4224 139639228454656 sent hello: Mod1, transmission status is True
INFO 2020-03-14 03:02:00,360 hello 4224 139639228454656 TXN_OFF_COUNTER: 4, TXN_ON_COUNTER : 1, transmission status is True
INFO 2020-03-14 03:02:00,360 hello 4224 139639228454656 sent hello: Mod1, transmission status is True
INFO 2020-03-14 03:02:00,360 hello 4224 139639228454656 TXN_OFF_COUNTER: 4, TXN_ON_COUNTER : 2, transmission status is True
INFO 2020-03-14 03:02:00,360 hello 4224 139639228454656 sent hello: Mod1, transmission status is True
INFO 2020-03-14 03:02:00,360 hello 4224 139639228454656  SWITCHING-OFF @ TXN_OFF_COUNTER: 4, TXN_ON_COUNTER : 2, transmission status is True
INFO 2020-03-14 03:02:00,377 hello 4224 139639228454656 sent hello: Mod1, transmission status is True
INFO 2020-03-14 03:02:00,378 hello 4224 139639228454656  DO nothing no overflow @ TXN_OFF_COUNTER: 6, TXN_ON_COUNTER : 1, transmission status is True
INFO 2020-03-14 03:02:00,378 hello 4224 139639228454656 sent hello: Mod1, transmission status is True
INFO 2020-03-14 03:02:00,378 hello 4224 139639228454656  DO nothing no overflow @ TXN_OFF_COUNTER: 6, TXN_ON_COUNTER : 2, transmission status is True
INFO 2020-03-14 03:02:00,378 hello 4224 139639228454656 sent hello: Mod1, transmission status is True
INFO 2020-03-14 03:02:00,381 hello 4224 139639228454656  SWITCHING-ON @ TXN_OFF_COUNTER: 0, TXN_ON_COUNTER : 0, transmission status is True
INFO 2020-03-17 13:13:19,970 hello 3726 140009251247872 sent hello: Mod1, transmission status is True
INFO 2020-03-17 13:13:19,971 hello 3726 140009251247872 TXN_OFF_COUNTER: 4, TXN_ON_COUNTER : 1, transmission status is True
INFO 2020-03-17 13:13:19,972 hello 3726 140009251247872 sent hello: Mod1, transmission status is True
INFO 2020-03-17 13:13:19,972 hello 3726 140009251247872 TXN_OFF_COUNTER: 4, TXN_ON_COUNTER : 2, transmission status is True
INFO 2020-03-17 13:13:19,972 hello 3726 140009251247872 sent hello: Mod1, transmission status is True
INFO 2020-03-17 13:13:19,972 hello 3726 140009251247872  SWITCHING-OFF @ TXN_OFF_COUNTER: 4, TXN_ON_COUNTER : 2, transmission status is True
INFO 2020-03-17 13:13:19,986 hello 3726 140009251247872 sent hello: Mod1, transmission status is True
INFO 2020-03-17 13:13:19,987 hello 3726 140009251247872  DO nothing no overflow @ TXN_OFF_COUNTER: 6, TXN_ON_COUNTER : 1, transmission status is True
INFO 2020-03-17 13:13:19,987 hello 3726 140009251247872 sent hello: Mod1, transmission status is True
INFO 2020-03-17 13:13:19,987 hello 3726 140009251247872  DO nothing no overflow @ TXN_OFF_COUNTER: 6, TXN_ON_COUNTER : 2, transmission status is True
INFO 2020-03-17 13:13:19,988 hello 3726 140009251247872 sent hello: Mod1, transmission status is True
INFO 2020-03-17 13:13:19,990 hello 3726 140009251247872  SWITCHING-ON @ TXN_OFF_COUNTER: 0, TXN_ON_COUNTER : 0, transmission status is True
INFO 2020-03-18 15:40:22,522 hello 9049 140332803622656 sent hello: Module1, transmission status is True
INFO 2020-03-18 15:40:22,522 hello 9049 140332803622656 sent hello: Module1, transmission status is True
INFO 2020-03-18 15:44:28,805 hello 9329 139722967734016 sent hello: Phillip, transmission status is False
INFO 2020-03-18 15:44:44,465 hello 9339 140630014875392 sent hello: Phillip, transmission status is False
INFO 2020-03-18 15:45:04,230 hello 9355 140581469828864 sent hello: Phillip, transmission status is True
INFO 2020-03-18 15:45:04,230 hello 9355 140581469828864 sent hello: Phillip, transmission status is True
INFO 2020-03-19 14:31:57,469 hello 16006 139654940145408 sent hello: Phillip, transmission status is True
INFO 2020-03-19 14:31:57,469 hello 16006 139654940145408 sent hello: Phillip, transmission status is True
INFO 2020-03-20 12:39:11,938 hello 30549 140477630695168 sent hello: Phillip, transmission status is True
INFO 2020-03-20 12:39:11,939 hello 30549 140477630695168 TXN_OFF_COUNTER: 4, TXN_ON_COUNTER : 1, transmission status is True
INFO 2020-03-20 12:39:11,939 hello 30549 140477630695168 sent hello: Phillip, transmission status is True
INFO 2020-03-20 12:39:11,939 hello 30549 140477630695168 TXN_OFF_COUNTER: 4, TXN_ON_COUNTER : 2, transmission status is True
INFO 2020-03-20 12:39:11,939 hello 30549 140477630695168 sent hello: Phillip, transmission status is True
INFO 2020-03-20 12:39:11,939 hello 30549 140477630695168  SWITCHING-OFF @ TXN_OFF_COUNTER: 4, TXN_ON_COUNTER : 2, transmission status is True
INFO 2020-03-20 12:39:11,956 hello 30549 140477630695168 sent hello: Phillip, transmission status is True
INFO 2020-03-20 12:39:11,956 hello 30549 140477630695168  DO nothing no overflow @ TXN_OFF_COUNTER: 6, TXN_ON_COUNTER : 1, transmission status is True
INFO 2020-03-20 12:39:11,956 hello 30549 140477630695168 sent hello: Phillip, transmission status is True
INFO 2020-03-20 12:39:11,957 hello 30549 140477630695168  DO nothing no overflow @ TXN_OFF_COUNTER: 6, TXN_ON_COUNTER : 2, transmission status is True
INFO 2020-03-20 12:39:11,957 hello 30549 140477630695168 sent hello: Phillip, transmission status is True
INFO 2020-03-20 12:39:11,959 hello 30549 140477630695168  SWITCHING-ON @ TXN_OFF_COUNTER: 0, TXN_ON_COUNTER : 0, transmission status is True
INFO 2020-03-20 12:39:51,897 hello 30581 139718915364608 sent hello: Phillip, transmission status is True
INFO 2020-03-20 12:39:51,898 hello 30581 139718915364608 TXN_OFF_COUNTER: 4, TXN_ON_COUNTER : 1, transmission status is True
INFO 2020-03-20 12:39:51,898 hello 30581 139718915364608 sent hello: Phillip, transmission status is True
INFO 2020-03-20 12:39:51,899 hello 30581 139718915364608 TXN_OFF_COUNTER: 4, TXN_ON_COUNTER : 2, transmission status is True
INFO 2020-03-20 12:39:51,899 hello 30581 139718915364608 sent hello: Phillip, transmission status is True
INFO 2020-03-20 12:39:51,899 hello 30581 139718915364608  SWITCHING-OFF @ TXN_OFF_COUNTER: 4, TXN_ON_COUNTER : 2, transmission status is True
INFO 2020-03-20 12:39:51,913 hello 30581 139718915364608 sent hello: Phillip, transmission status is True
INFO 2020-03-20 12:39:51,914 hello 30581 139718915364608  DO nothing no overflow @ TXN_OFF_COUNTER: 6, TXN_ON_COUNTER : 1, transmission status is True
INFO 2020-03-20 12:39:51,914 hello 30581 139718915364608 sent hello: Phillip, transmission status is True
INFO 2020-03-20 12:39:51,915 hello 30581 139718915364608  DO nothing no overflow @ TXN_OFF_COUNTER: 6, TXN_ON_COUNTER : 2, transmission status is True
INFO 2020-03-20 12:39:51,916 hello 30581 139718915364608 sent hello: Phillip, transmission status is True
INFO 2020-03-20 12:39:51,918 hello 30581 139718915364608  SWITCHING-ON @ TXN_OFF_COUNTER: 0, TXN_ON_COUNTER : 0, transmission status is True
INFO 2020-03-20 13:15:33,313 hello 32668 140510797874944 sent hello: Phillip, transmission status is True
INFO 2020-03-20 13:15:33,314 hello 32668 140510797874944 TXN_OFF_COUNTER: 4, TXN_ON_COUNTER : 1, transmission status is True
INFO 2020-03-20 13:15:33,314 hello 32668 140510797874944 sent hello: Phillip, transmission status is True
INFO 2020-03-20 13:15:33,314 hello 32668 140510797874944 TXN_OFF_COUNTER: 4, TXN_ON_COUNTER : 2, transmission status is True
INFO 2020-03-20 13:15:33,314 hello 32668 140510797874944 sent hello: Phillip, transmission status is True
INFO 2020-03-20 13:15:33,314 hello 32668 140510797874944  SWITCHING-OFF @ TXN_OFF_COUNTER: 4, TXN_ON_COUNTER : 2, transmission status is True
INFO 2020-03-20 13:15:33,329 hello 32668 140510797874944 sent hello: Phillip, transmission status is True
INFO 2020-03-20 13:15:33,329 hello 32668 140510797874944  DO nothing no overflow @ TXN_OFF_COUNTER: 6, TXN_ON_COUNTER : 1, transmission status is True
INFO 2020-03-20 13:15:33,329 hello 32668 140510797874944 sent hello: Phillip, transmission status is True
INFO 2020-03-20 13:15:33,330 hello 32668 140510797874944  DO nothing no overflow @ TXN_OFF_COUNTER: 6, TXN_ON_COUNTER : 2, transmission status is True
INFO 2020-03-20 13:15:33,330 hello 32668 140510797874944 sent hello: Phillip, transmission status is True
INFO 2020-03-20 13:15:33,332 hello 32668 140510797874944  SWITCHING-ON @ TXN_OFF_COUNTER: 0, TXN_ON_COUNTER : 0, transmission status is True
INFO 2020-03-20 13:16:03,798 hello 32732 139703871088384 sent hello: Phillip, transmission status is True
INFO 2020-03-20 13:16:03,798 hello 32732 139703871088384 TXN_OFF_COUNTER: 4, TXN_ON_COUNTER : 1, transmission status is True
INFO 2020-03-20 13:16:03,798 hello 32732 139703871088384 sent hello: Phillip, transmission status is True
INFO 2020-03-20 13:16:03,799 hello 32732 139703871088384 TXN_OFF_COUNTER: 4, TXN_ON_COUNTER : 2, transmission status is True
INFO 2020-03-20 13:16:03,799 hello 32732 139703871088384 sent hello: Phillip, transmission status is True
INFO 2020-03-20 13:16:03,799 hello 32732 139703871088384  SWITCHING-OFF @ TXN_OFF_COUNTER: 4, TXN_ON_COUNTER : 2, transmission status is True
INFO 2020-03-20 13:16:03,814 hello 32732 139703871088384 sent hello: Phillip, transmission status is True
INFO 2020-03-20 13:16:03,814 hello 32732 139703871088384  DO nothing no overflow @ TXN_OFF_COUNTER: 6, TXN_ON_COUNTER : 1, transmission status is True
INFO 2020-03-20 13:16:03,814 hello 32732 139703871088384 sent hello: Phillip, transmission status is True
INFO 2020-03-20 13:16:03,815 hello 32732 139703871088384  DO nothing no overflow @ TXN_OFF_COUNTER: 6, TXN_ON_COUNTER : 2, transmission status is True
INFO 2020-03-20 13:16:03,815 hello 32732 139703871088384 sent hello: Phillip, transmission status is True
INFO 2020-03-20 13:16:03,817 hello 32732 139703871088384  SWITCHING-ON @ TXN_OFF_COUNTER: 0, TXN_ON_COUNTER : 0, transmission status is True
INFO 2020-03-20 13:17:43,348 hello 328 140570862565120 sent hello: Phillip, transmission status is True
INFO 2020-03-20 13:17:43,348 hello 328 140570862565120 TXN_OFF_COUNTER: 4, TXN_ON_COUNTER : 1, transmission status is True
INFO 2020-03-20 13:17:43,348 hello 328 140570862565120 sent hello: Phillip, transmission status is True
INFO 2020-03-20 13:17:43,349 hello 328 140570862565120 TXN_OFF_COUNTER: 4, TXN_ON_COUNTER : 2, transmission status is True
INFO 2020-03-20 13:17:43,349 hello 328 140570862565120 sent hello: Phillip, transmission status is True
INFO 2020-03-20 13:17:43,349 hello 328 140570862565120  SWITCHING-OFF @ TXN_OFF_COUNTER: 4, TXN_ON_COUNTER : 2, transmission status is True
INFO 2020-03-20 13:17:43,363 hello 328 140570862565120 sent hello: Phillip, transmission status is True
INFO 2020-03-20 13:17:43,364 hello 328 140570862565120  DO nothing no overflow @ TXN_OFF_COUNTER: 6, TXN_ON_COUNTER : 1, transmission status is True
INFO 2020-03-20 13:17:43,364 hello 328 140570862565120 sent hello: Phillip, transmission status is True
INFO 2020-03-20 13:17:43,364 hello 328 140570862565120  DO nothing no overflow @ TXN_OFF_COUNTER: 6, TXN_ON_COUNTER : 2, transmission status is True
INFO 2020-03-20 13:17:43,364 hello 328 140570862565120 sent hello: Phillip, transmission status is True
INFO 2020-03-20 13:17:43,367 hello 328 140570862565120  SWITCHING-ON @ TXN_OFF_COUNTER: 0, TXN_ON_COUNTER : 0, transmission status is True
INFO 2020-03-24 17:22:13,468 hello 3709 139719211185920 running checks: Phillip, transmission status : True, TXN_OFF_COUNTER:6, TXN_ON_COUNTER:0, 
INFO 2020-03-24 17:22:13,468 hello 3709 139719211185920  Do nothing no overflow @ TXN_OFF_COUNTER: 6, TXN_ON_COUNTER : 1, transmission status is True
INFO 2020-03-24 17:22:13,468 hello 3709 139719211185920 running checks: Phillip, transmission status : True, TXN_OFF_COUNTER:6, TXN_ON_COUNTER:1, 
INFO 2020-03-24 17:22:13,469 hello 3709 139719211185920  Do nothing no overflow @ TXN_OFF_COUNTER: 6, TXN_ON_COUNTER : 2, transmission status is True
INFO 2020-03-24 17:22:13,469 hello 3709 139719211185920 running checks: Phillip, transmission status : True, TXN_OFF_COUNTER:6, TXN_ON_COUNTER:2, 
INFO 2020-03-24 17:22:13,471 hello 3709 139719211185920  SWITCHING-ON @ TXN_OFF_COUNTER: 0, TXN_ON_COUNTER : 0, transmission status is True
INFO 2020-03-24 17:25:07,904 hello 3808 140699459294976 running checks: Phillip, transmission status : True, TXN_OFF_COUNTER:6, TXN_ON_COUNTER:0, 
INFO 2020-03-24 17:25:07,905 hello 3808 140699459294976  Do nothing no overflow @ TXN_OFF_COUNTER: 6, TXN_ON_COUNTER : 1, transmission status is True
INFO 2020-03-24 17:25:07,905 hello 3808 140699459294976 running checks: Phillip, transmission status : True, TXN_OFF_COUNTER:6, TXN_ON_COUNTER:1, 
INFO 2020-03-24 17:25:07,906 hello 3808 140699459294976  Do nothing no overflow @ TXN_OFF_COUNTER: 6, TXN_ON_COUNTER : 2, transmission status is True
INFO 2020-03-24 17:25:07,906 hello 3808 140699459294976 running checks: Phillip, transmission status : True, TXN_OFF_COUNTER:6, TXN_ON_COUNTER:2, 
INFO 2020-03-24 17:25:07,908 hello 3808 140699459294976  SWITCHING-ON @ TXN_OFF_COUNTER: 0, TXN_ON_COUNTER : 0, transmission status is True
INFO 2020-03-24 17:26:26,806 hello 3849 140208289703680 running checks: Phillip, transmission status : True, TXN_OFF_COUNTER:6, TXN_ON_COUNTER:0, 
INFO 2020-03-24 17:26:26,807 hello 3849 140208289703680  Do nothing no overflow @ TXN_OFF_COUNTER: 6, TXN_ON_COUNTER : 1, transmission status is True
INFO 2020-03-24 17:26:26,807 hello 3849 140208289703680 running checks: Phillip, transmission status : True, TXN_OFF_COUNTER:6, TXN_ON_COUNTER:1, 
INFO 2020-03-24 17:26:26,807 hello 3849 140208289703680  Do nothing no overflow @ TXN_OFF_COUNTER: 6, TXN_ON_COUNTER : 2, transmission status is True
INFO 2020-03-24 17:26:26,808 hello 3849 140208289703680 running checks: Phillip, transmission status : True, TXN_OFF_COUNTER:6, TXN_ON_COUNTER:2, 
INFO 2020-03-24 17:26:26,810 hello 3849 140208289703680  SWITCHING-ON @ TXN_OFF_COUNTER: 0, TXN_ON_COUNTER : 0, transmission status is True
INFO 2020-03-24 17:27:49,757 hello 3903 139886006863616 Turning off eqipment and reset ON-COUNTER, TXN_OFF_COUNTER:6, TXN_ON_COUNTER:0, TXN_STATUS: False 
INFO 2020-03-24 17:27:49,760 hello 3903 139886006863616 Turning off eqipment and reset ON-COUNTER, TXN_OFF_COUNTER:6, TXN_ON_COUNTER:0, TXN_STATUS: False 
INFO 2020-03-24 17:27:49,763 hello 3903 139886006863616 Turning off eqipment and reset ON-COUNTER, TXN_OFF_COUNTER:6, TXN_ON_COUNTER:0, TXN_STATUS: False 
INFO 2020-03-24 17:29:19,128 hello 3939 140024881067776 running checks: Phillip, transmission status : True, TXN_OFF_COUNTER:4, TXN_ON_COUNTER:0, 
INFO 2020-03-24 17:29:19,128 hello 3939 140024881067776 Increament TXN_OFF_COUNTER: 4, TXN_ON_COUNTER : 1, transmission status is True
INFO 2020-03-24 17:29:19,128 hello 3939 140024881067776 running checks: Phillip, transmission status : True, TXN_OFF_COUNTER:4, TXN_ON_COUNTER:1, 
INFO 2020-03-24 17:29:19,129 hello 3939 140024881067776 Increament TXN_OFF_COUNTER: 4, TXN_ON_COUNTER : 2, transmission status is True
INFO 2020-03-24 17:29:19,129 hello 3939 140024881067776 running checks: Phillip, transmission status : True, TXN_OFF_COUNTER:4, TXN_ON_COUNTER:2, 
INFO 2020-03-24 17:29:19,129 hello 3939 140024881067776  SWITCHING-OFF @ TXN_OFF_COUNTER: 4, TXN_ON_COUNTER : 2, transmission status is True
INFO 2020-03-24 17:34:11,723 hello 4079 139729513572096 running checks: Phillip, transmission status : True, TXN_OFF_COUNTER:4, TXN_ON_COUNTER:0, 
INFO 2020-03-24 17:34:11,723 hello 4079 139729513572096 Increament TXN_OFF_COUNTER: 4, TXN_ON_COUNTER : 1, transmission status is True
INFO 2020-03-24 17:34:11,723 hello 4079 139729513572096 running checks: Phillip, transmission status : True, TXN_OFF_COUNTER:4, TXN_ON_COUNTER:1, 
INFO 2020-03-24 17:34:11,724 hello 4079 139729513572096 Increament TXN_OFF_COUNTER: 4, TXN_ON_COUNTER : 2, transmission status is True
INFO 2020-03-24 17:34:11,724 hello 4079 139729513572096 running checks: Phillip, transmission status : True, TXN_OFF_COUNTER:4, TXN_ON_COUNTER:2, 
INFO 2020-03-24 17:34:11,724 hello 4079 139729513572096  SWITCHING-OFF @ TXN_OFF_COUNTER: 4, TXN_ON_COUNTER : 2, transmission status is True
INFO 2020-03-24 17:37:55,187 hello 4239 140716654798592 running checks: Phillip, transmission status : True, TXN_OFF_COUNTER:4, TXN_ON_COUNTER:0, 
INFO 2020-03-24 17:37:55,188 hello 4239 140716654798592 Increament TXN_ON_COUNTER: 4, TXN_ON_COUNTER : 1, transmission status is True
INFO 2020-03-24 17:37:55,188 hello 4239 140716654798592 running checks: Phillip, transmission status : True, TXN_OFF_COUNTER:4, TXN_ON_COUNTER:1, 
INFO 2020-03-24 17:37:55,188 hello 4239 140716654798592 Increament TXN_ON_COUNTER: 4, TXN_ON_COUNTER : 2, transmission status is True
INFO 2020-03-24 17:37:55,188 hello 4239 140716654798592 running checks: Phillip, transmission status : True, TXN_OFF_COUNTER:4, TXN_ON_COUNTER:2, 
INFO 2020-03-24 17:37:55,188 hello 4239 140716654798592  SWITCHING-ON @ TXN_OFF_COUNTER: 4, TXN_ON_COUNTER : 2, transmission status is True
INFO 2020-03-24 17:38:17,511 hello 4262 139898499335936 running checks: Phillip, transmission status : True, TXN_OFF_COUNTER:4, TXN_ON_COUNTER:0, 
INFO 2020-03-24 17:38:17,512 hello 4262 139898499335936 Increament TXN_ON_COUNTER: 4, TXN_ON_COUNTER : 1, transmission status is True
INFO 2020-03-24 17:38:17,512 hello 4262 139898499335936 running checks: Phillip, transmission status : True, TXN_OFF_COUNTER:4, TXN_ON_COUNTER:1, 
INFO 2020-03-24 17:38:17,512 hello 4262 139898499335936 Increament TXN_ON_COUNTER: 4, TXN_ON_COUNTER : 2, transmission status is True
INFO 2020-03-24 17:38:17,512 hello 4262 139898499335936 running checks: Phillip, transmission status : True, TXN_OFF_COUNTER:4, TXN_ON_COUNTER:2, 
INFO 2020-03-24 17:38:17,512 hello 4262 139898499335936  SWITCHING-ON @ TXN_OFF_COUNTER: 4, TXN_ON_COUNTER : 2, transmission status is True
INFO 2020-03-24 17:38:29,786 hello 4269 140509647623936 running checks: Phillip, transmission status : True, TXN_OFF_COUNTER:4, TXN_ON_COUNTER:0, 
INFO 2020-03-24 17:38:29,787 hello 4269 140509647623936 Increament TXN_ON_COUNTER: 4, TXN_ON_COUNTER : 1, transmission status is True
INFO 2020-03-24 17:38:29,787 hello 4269 140509647623936 running checks: Phillip, transmission status : True, TXN_OFF_COUNTER:4, TXN_ON_COUNTER:1, 
INFO 2020-03-24 17:38:29,788 hello 4269 140509647623936 Increament TXN_ON_COUNTER: 4, TXN_ON_COUNTER : 2, transmission status is True
INFO 2020-03-24 17:38:29,788 hello 4269 140509647623936 running checks: Phillip, transmission status : True, TXN_OFF_COUNTER:4, TXN_ON_COUNTER:2, 
INFO 2020-03-24 17:38:29,788 hello 4269 140509647623936  SWITCHING-ON @ TXN_OFF_COUNTER: 4, TXN_ON_COUNTER : 2, transmission status is True
INFO 2020-03-24 17:40:10,265 hello 4314 140224549881600 running checks: Phillip, transmission status : True, TXN_OFF_COUNTER:4, TXN_ON_COUNTER:0, 
INFO 2020-03-24 17:40:10,266 hello 4314 140224549881600 Increament TXN_ON_COUNTER: 4, TXN_ON_COUNTER : 1, transmission status is True
INFO 2020-03-24 17:40:10,266 hello 4314 140224549881600 running checks: Phillip, transmission status : True, TXN_OFF_COUNTER:4, TXN_ON_COUNTER:1, 
INFO 2020-03-24 17:40:10,267 hello 4314 140224549881600 Increament TXN_ON_COUNTER: 4, TXN_ON_COUNTER : 2, transmission status is True
INFO 2020-03-24 17:40:10,267 hello 4314 140224549881600 running checks: Phillip, transmission status : True, TXN_OFF_COUNTER:4, TXN_ON_COUNTER:2, 
INFO 2020-03-24 17:40:10,267 hello 4314 140224549881600 Reset ON and OFF counters, SWITCHING-ON @ TXN_OFF_COUNTER: 4, TXN_ON_COUNTER : 2, transmission status is True
INFO 2020-03-24 17:42:04,557 hello 4410 140035116140288 running checks: Phillip, transmission status : True, TXN_OFF_COUNTER:4, TXN_ON_COUNTER:0, 
INFO 2020-03-24 17:42:04,557 hello 4410 140035116140288 Increament TXN_ON_COUNTER: 4, TXN_ON_COUNTER : 1, transmission status is True
INFO 2020-03-24 17:42:04,557 hello 4410 140035116140288 running checks: Phillip, transmission status : True, TXN_OFF_COUNTER:4, TXN_ON_COUNTER:1, 
INFO 2020-03-24 17:42:04,558 hello 4410 140035116140288 Increament TXN_ON_COUNTER: 4, TXN_ON_COUNTER : 2, transmission status is True
INFO 2020-03-24 17:42:04,558 hello 4410 140035116140288 running checks: Phillip, transmission status : True, TXN_OFF_COUNTER:4, TXN_ON_COUNTER:2, 
INFO 2020-03-24 17:42:04,558 hello 4410 140035116140288 Reset ON and OFF counters, SWITCHING-ON @ TXN_OFF_COUNTER: 4, TXN_ON_COUNTER : 2, transmission status is True
INFO 2020-03-24 17:42:25,873 hello 4424 140499668182784 running checks: Phillip, transmission status : True, TXN_OFF_COUNTER:4, TXN_ON_COUNTER:0, 
INFO 2020-03-24 17:42:25,874 hello 4424 140499668182784 Increament TXN_ON_COUNTER: 4, TXN_ON_COUNTER : 1, transmission status is True
INFO 2020-03-24 17:42:25,874 hello 4424 140499668182784 running checks: Phillip, transmission status : True, TXN_OFF_COUNTER:4, TXN_ON_COUNTER:1, 
INFO 2020-03-24 17:42:25,874 hello 4424 140499668182784 Increament TXN_ON_COUNTER: 4, TXN_ON_COUNTER : 2, transmission status is True
INFO 2020-03-24 17:42:25,875 hello 4424 140499668182784 running checks: Phillip, transmission status : True, TXN_OFF_COUNTER:4, TXN_ON_COUNTER:2, 
INFO 2020-03-24 17:42:25,875 hello 4424 140499668182784 Reset ON and OFF counters, SWITCHING-ON @ TXN_OFF_COUNTER: 4, TXN_ON_COUNTER : 2, transmission status is True
INFO 2020-03-24 17:43:01,414 hello 4455 140078209517312 running checks: Phillip, transmission status : True, TXN_OFF_COUNTER:4, TXN_ON_COUNTER:0, 
INFO 2020-03-24 17:43:01,415 hello 4455 140078209517312 Increament TXN_ON_COUNTER: 4, TXN_ON_COUNTER : 1, transmission status is True
INFO 2020-03-24 17:43:01,415 hello 4455 140078209517312 running checks: Phillip, transmission status : True, TXN_OFF_COUNTER:4, TXN_ON_COUNTER:1, 
INFO 2020-03-24 17:43:01,415 hello 4455 140078209517312 Increament TXN_ON_COUNTER: 4, TXN_ON_COUNTER : 2, transmission status is True
INFO 2020-03-24 17:43:01,415 hello 4455 140078209517312 running checks: Phillip, transmission status : True, TXN_OFF_COUNTER:4, TXN_ON_COUNTER:2, 
INFO 2020-03-24 17:43:01,415 hello 4455 140078209517312 Reset ON and OFF counters, SWITCHING-ON @ TXN_OFF_COUNTER: 4, TXN_ON_COUNTER : 2, transmission status is True
INFO 2020-03-24 17:43:50,177 hello 4491 140300393654016 Turning off eqipment and reset ON-COUNTER, TXN_OFF_COUNTER:6, TXN_ON_COUNTER:0, TXN_STATUS: False 
INFO 2020-03-24 17:43:50,180 hello 4491 140300393654016 Turning off eqipment and reset ON-COUNTER, TXN_OFF_COUNTER:6, TXN_ON_COUNTER:0, TXN_STATUS: False 
INFO 2020-03-24 17:43:50,182 hello 4491 140300393654016 Turning off eqipment and reset ON-COUNTER, TXN_OFF_COUNTER:6, TXN_ON_COUNTER:0, TXN_STATUS: False 
INFO 2020-03-24 17:44:05,972 hello 4515 140495443285760 Turning off eqipment and reset ON-COUNTER, TXN_OFF_COUNTER:6, TXN_ON_COUNTER:0, TXN_STATUS: False 
INFO 2020-03-24 17:44:05,974 hello 4515 140495443285760 Turning off eqipment and reset ON-COUNTER, TXN_OFF_COUNTER:6, TXN_ON_COUNTER:0, TXN_STATUS: False 
INFO 2020-03-24 17:44:05,976 hello 4515 140495443285760 Turning off eqipment and reset ON-COUNTER, TXN_OFF_COUNTER:6, TXN_ON_COUNTER:0, TXN_STATUS: False 
